<?xml version="1.0" encoding="UTF-8"?>
<!-- Generated by org.testng.reporters.JUnitXMLReporter -->
<testsuite ignored="0" hostname="Dell-G7" failures="1" tests="1" name="Default test" time="9.103" errors="0" timestamp="2024-08-19T14:08:23 IST">
  <testcase classname="io.cucumber.testng.AbstractTestNGCucumberTests" name="runScenario" time="7.023">
    <failure type="io.cucumber.java.PendingException" message="TODO: implement me">
      <![CDATA[io.cucumber.java.PendingException: TODO: implement me
at definitions.Book_flight.i_select_the_date_of_travel(Book_flight.java:57)
at ✽.I select the date of travel(file:///C:/Users/aakas/git/MMT_selenium/MMT/src/test/resources/feature/flight.feature:28)
]]>
    </failure>
  </testcase> <!-- runScenario -->
</testsuite> <!-- Default test -->
